<?xml version="1.0" encoding="UTF-8"?>
<testsuite xmlns:xsi="http://www.w3.org/2001/XMLSchema-instance" xsi:noNamespaceSchemaLocation="https://maven.apache.org/surefire/maven-surefire-plugin/xsd/surefire-test-report-3.0.xsd" version="3.0" name="UserDAOTest" time="2.127" tests="6" errors="0" skipped="0" failures="0">
  <properties>
[...]
</properties>
  <testcase name="testGetUsers" classname="UserDAOTest" time="0.374"/>
  <testcase name="testGenerateSalt" classname="UserDAOTest" time="0.334"/>
  <testcase name="testAddUser" classname="UserDAOTest" time="0.395"/>
  <testcase name="testUpdateUser" classname="UserDAOTest" time="0.306"/>
  <testcase name="testHashPassword" classname="UserDAOTest" time="0.34"/>
  <testcase name="testGetUserByUsername" classname="UserDAOTest" time="0.375"/>
</testsuite>