<?xml version="1.0" encoding="UTF-8" ?>
<testsuite tests="1" failures="1" name="no.ntnu.idata2001.realestate.PropertyTest" time="0" errors="0" skipped="0">
  <properties>
[...]
</properties>
  <testcase classname="no.ntnu.idata2001.realestate.PropertyTest" name="no.ntnu.idata2001.realestate.PropertyTest.testCreationOfInstance" time="0">
    <failure message="expected: &lt;Skodje&gt; but was: &lt;null&gt;" type="org.opentest4j.AssertionFailedError">org.opentest4j.AssertionFailedError: expected: &lt;Skodje&gt; but was: &lt;null&gt;
	at org.junit.jupiter.api.AssertionUtils.fail(AssertionUtils.java:55)
	at org.junit.jupiter.api.AssertionUtils.failNotEqual(AssertionUtils.java:62)
	at org.junit.jupiter.api.AssertEquals.assertEquals(AssertEquals.java:182)
	at org.junit.jupiter.api.AssertEquals.assertEquals(AssertEquals.java:177)
	at org.junit.jupiter.api.Assertions.assertEquals(Assertions.java:1124)
	at no.ntnu.idata2001.realestate.PropertyTest.testCreationOfInstance(PropertyTest.java:18)
</failure>
  </testcase>
</testsuite>