<?xml version="1.0" encoding="UTF-8" ?>
<testsuite tests="6" failures="6" name="no.ntnu.idata2001.realestate.PropertyRegisterTest" time="0.028" errors="0" skipped="0">
  <properties>
[...]
</properties>
  <testcase classname="no.ntnu.idata2001.realestate.PropertyRegisterTest" name="no.ntnu.idata2001.realestate.PropertyRegisterTest.testAddProperty" time="0.024">
    <failure message="expected: &lt;true&gt; but was: &lt;false&gt;" type="org.opentest4j.AssertionFailedError">org.opentest4j.AssertionFailedError: expected: &lt;true&gt; but was: &lt;false&gt;
	at org.junit.jupiter.api.AssertionUtils.fail(AssertionUtils.java:55)
	at org.junit.jupiter.api.AssertionUtils.failNotEqual(AssertionUtils.java:62)
	at org.junit.jupiter.api.AssertEquals.assertEquals(AssertEquals.java:182)
	at org.junit.jupiter.api.AssertEquals.assertEquals(AssertEquals.java:177)
	at org.junit.jupiter.api.Assertions.assertEquals(Assertions.java:1124)
	at no.ntnu.idata2001.realestate.PropertyRegisterTest.testAddProperty(PropertyRegisterTest.java:52)
</failure>
    <system-out>addProperty
</system-out>
  </testcase>
  <testcase classname="no.ntnu.idata2001.realestate.PropertyRegisterTest" name="no.ntnu.idata2001.realestate.PropertyRegisterTest.testFindProperty" time="0">
    <failure message="expected: &lt;no.ntnu.idata2001.realestate.Property@ee7d9f1&gt; but was: &lt;null&gt;" type="org.opentest4j.AssertionFailedError">org.opentest4j.AssertionFailedError: expected: &lt;no.ntnu.idata2001.realestate.Property@ee7d9f1&gt; but was: &lt;null&gt;
	at org.junit.jupiter.api.AssertionUtils.fail(AssertionUtils.java:55)
	at org.junit.jupiter.api.AssertionUtils.failNotEqual(AssertionUtils.java:62)
	at org.junit.jupiter.api.AssertEquals.assertEquals(AssertEquals.java:182)
	at org.junit.jupiter.api.AssertEquals.assertEquals(AssertEquals.java:177)
	at org.junit.jupiter.api.Assertions.assertEquals(Assertions.java:1124)
	at no.ntnu.idata2001.realestate.PropertyRegisterTest.testFindProperty(PropertyRegisterTest.java:73)
</failure>
    <system-out>findProperty
</system-out>
  </testcase>
  <testcase classname="no.ntnu.idata2001.realestate.PropertyRegisterTest" name="no.ntnu.idata2001.realestate.PropertyRegisterTest.testFindAllPropertiesWithLotNumber" time="0">
    <failure message="expected: &lt;true&gt; but was: &lt;false&gt;" type="org.opentest4j.AssertionFailedError">org.opentest4j.AssertionFailedError: expected: &lt;true&gt; but was: &lt;false&gt;
	at org.junit.jupiter.api.AssertionUtils.fail(AssertionUtils.java:55)
	at org.junit.jupiter.api.AssertionUtils.failNotEqual(AssertionUtils.java:62)
	at org.junit.jupiter.api.AssertEquals.assertEquals(AssertEquals.java:182)
	at org.junit.jupiter.api.AssertEquals.assertEquals(AssertEquals.java:177)
	at org.junit.jupiter.api.Assertions.assertEquals(Assertions.java:1124)
	at no.ntnu.idata2001.realestate.PropertyRegisterTest.testFindAllPropertiesWithLotNumber(PropertyRegisterTest.java:102)
</failure>
    <system-out>findAllPropertiesWithLotNumber
</system-out>
  </testcase>
  <testcase classname="no.ntnu.idata2001.realestate.PropertyRegisterTest" name="no.ntnu.idata2001.realestate.PropertyRegisterTest.testFindAllPropertiesByOwner" time="0.001">
    <failure message="expected: &lt;true&gt; but was: &lt;false&gt;" type="org.opentest4j.AssertionFailedError">org.opentest4j.AssertionFailedError: expected: &lt;true&gt; but was: &lt;false&gt;
	at org.junit.jupiter.api.AssertionUtils.fail(AssertionUtils.java:55)
	at org.junit.jupiter.api.AssertionUtils.failNotEqual(AssertionUtils.java:62)
	at org.junit.jupiter.api.AssertEquals.assertEquals(AssertEquals.java:182)
	at org.junit.jupiter.api.AssertEquals.assertEquals(AssertEquals.java:177)
	at org.junit.jupiter.api.Assertions.assertEquals(Assertions.java:1124)
	at no.ntnu.idata2001.realestate.PropertyRegisterTest.testFindAllPropertiesByOwner(PropertyRegisterTest.java:142)
</failure>
    <system-out>findAllPropertiesByOwner
</system-out>
  </testcase>
  <testcase classname="no.ntnu.idata2001.realestate.PropertyRegisterTest" name="no.ntnu.idata2001.realestate.PropertyRegisterTest.testGetAverageAreaOfProperties" time="0.002">
    <failure message="expected: &lt;957.9&gt; but was: &lt;0.0&gt;" type="org.opentest4j.AssertionFailedError">org.opentest4j.AssertionFailedError: expected: &lt;957.9&gt; but was: &lt;0.0&gt;
	at org.junit.jupiter.api.AssertionUtils.fail(AssertionUtils.java:55)
	at org.junit.jupiter.api.AssertionUtils.failNotEqual(AssertionUtils.java:62)
	at org.junit.jupiter.api.AssertEquals.assertEquals(AssertEquals.java:86)
	at org.junit.jupiter.api.AssertEquals.assertEquals(AssertEquals.java:81)
	at org.junit.jupiter.api.Assertions.assertEquals(Assertions.java:993)
	at no.ntnu.idata2001.realestate.PropertyRegisterTest.testGetAverageAreaOfProperties(PropertyRegisterTest.java:179)
</failure>
    <system-out>getAverageAreaOfProperties
</system-out>
  </testcase>
  <testcase classname="no.ntnu.idata2001.realestate.PropertyRegisterTest" name="no.ntnu.idata2001.realestate.PropertyRegisterTest.testGetNumberOfProperties" time="0.001">
    <failure message="expected: &lt;3&gt; but was: &lt;0&gt;" type="org.opentest4j.AssertionFailedError">org.opentest4j.AssertionFailedError: expected: &lt;3&gt; but was: &lt;0&gt;
	at org.junit.jupiter.api.AssertionUtils.fail(AssertionUtils.java:55)
	at org.junit.jupiter.api.AssertionUtils.failNotEqual(AssertionUtils.java:62)
	at org.junit.jupiter.api.AssertEquals.assertEquals(AssertEquals.java:150)
	at org.junit.jupiter.api.AssertEquals.assertEquals(AssertEquals.java:145)
	at org.junit.jupiter.api.Assertions.assertEquals(Assertions.java:510)
	at no.ntnu.idata2001.realestate.PropertyRegisterTest.testGetNumberOfProperties(PropertyRegisterTest.java:208)
</failure>
    <system-out>getNumberOfProperties
</system-out>
  </testcase>
</testsuite>